\BOOKMARK [0][]{Contents.0}{\376\377\000C\000o\000n\000t\000e\000n\000t\000s}{}% 1
\BOOKMARK [0][]{chapter*.5}{\376\377\000L\000i\000s\000t\000\040\000o\000f\000\040\000F\000i\000g\000u\000r\000e\000s}{}% 2
\BOOKMARK [0][]{chapter*.6}{\376\377\000L\000i\000s\000t\000\040\000o\000f\000\040\000T\000a\000b\000l\000e\000s}{}% 3
\BOOKMARK [0][]{chapter.1}{\376\377\0001\000\040\000I\000n\000t\000r\000o\000d\000u\000c\000t\000i\000o\000n}{}% 4
\BOOKMARK [1][]{section.1.1}{\376\377\0001\000.\0001\000\040\000I\000n\000d\000u\000s\000t\000r\000y\000\040\0004\000.\0000\000\040\000c\000o\000m\000p\000o\000n\000e\000n\000t\000s}{chapter.1}% 5
\BOOKMARK [1][]{section.1.2}{\376\377\0001\000.\0002\000\040\000T\000o\000o\000l\000s\000\040\000o\000f\000\040\000B\000i\000g\000\040\000D\000a\000t\000a\000\040\000A\000n\000a\000l\000y\000t\000i\000c\000s}{chapter.1}% 6
\BOOKMARK [2][]{subsection.1.2.1}{\376\377\0001\000.\0002\000.\0001\000\040\000D\000a\000t\000a\000\040\000M\000i\000n\000i\000n\000g}{section.1.2}% 7
\BOOKMARK [2][]{subsection.1.2.2}{\376\377\0001\000.\0002\000.\0002\000\040\000P\000r\000o\000c\000e\000s\000s\000\040\000M\000i\000n\000i\000n\000g}{section.1.2}% 8
\BOOKMARK [1][]{section.1.3}{\376\377\0001\000.\0003\000\040\000T\000h\000e\000s\000i\000s\000\040\000s\000t\000r\000u\000c\000t\000u\000r\000e}{chapter.1}% 9
\BOOKMARK [0][]{chapter.2}{\376\377\0002\000\040\000S\000c\000o\000p\000e\000\040\000o\000f\000\040\000t\000h\000e\000\040\000w\000o\000r\000k}{}% 10
\BOOKMARK [1][]{section.2.1}{\376\377\0002\000.\0001\000\040\000A\000\040\000s\000t\000a\000n\000d\000a\000r\000d\000i\000z\000e\000d\000\040\000a\000p\000p\000r\000o\000a\000c\000h\000\040\000f\000o\000r\000\040\000t\000h\000e\000\040\000p\000r\000o\000c\000e\000s\000s\000\040\000m\000o\000d\000e\000l\000\040\000u\000p\000d\000a\000t\000e\000s}{chapter.2}% 11
\BOOKMARK [2][]{subsection.2.1.1}{\376\377\0002\000.\0001\000.\0001\000\040\000A\000i\000m\000\040\000o\000f\000\040\000t\000h\000e\000\040\000w\000o\000r\000k}{section.2.1}% 12
\BOOKMARK [1][]{section.2.2}{\376\377\0002\000.\0002\000\040\000P\000r\000o\000c\000e\000s\000s\000\040\000M\000i\000n\000i\000n\000g\000\040\000a\000p\000p\000l\000i\000c\000a\000t\000i\000o\000n\000s\000\040\000i\000n\000\040\000m\000a\000n\000u\000f\000a\000c\000t\000u\000r\000i\000n\000g}{chapter.2}% 13
\BOOKMARK [1][]{section.2.3}{\376\377\0002\000.\0003\000\040\000A\000u\000t\000o\000-\000u\000p\000d\000a\000t\000e\000\040\000o\000f\000\040\000p\000r\000o\000c\000e\000s\000s\000\040\000m\000o\000d\000e\000l\000s\000\040\000u\000s\000i\000n\000g\000\040\000P\000r\000o\000c\000e\000s\000s\000\040\000M\000i\000n\000i\000n\000g}{chapter.2}% 14
\BOOKMARK [0][]{chapter.3}{\376\377\0003\000\040\000T\000h\000e\000s\000i\000s\000\040\000b\000o\000u\000n\000d\000a\000r\000i\000e\000s}{}% 15
\BOOKMARK [1][]{section.3.1}{\376\377\0003\000.\0001\000\040\000E\000v\000e\000n\000t\000\040\000l\000o\000g\000s}{chapter.3}% 16
\BOOKMARK [2][]{subsection.3.1.1}{\376\377\0003\000.\0001\000.\0001\000\040\000E\000v\000e\000n\000t\000\040\000l\000o\000g\000s\000\040\000i\000n\000\040\000r\000e\000a\000l\000\040\000a\000p\000p\000l\000i\000c\000a\000t\000i\000o\000n\000s\000:\000\040\000e\000v\000e\000n\000t\000\040\000s\000t\000r\000e\000a\000m\000s}{section.3.1}% 17
\BOOKMARK [1][]{section.3.2}{\376\377\0003\000.\0002\000\040\000C\000o\000n\000s\000i\000d\000e\000r\000e\000d\000\040\000s\000y\000s\000t\000e\000m\000s}{chapter.3}% 18
\BOOKMARK [2][]{subsection.3.2.1}{\376\377\0003\000.\0002\000.\0001\000\040\000S\000i\000m\000p\000l\000e\000\040\000s\000e\000r\000i\000a\000l\000\040\000l\000i\000n\000e\000s\000\040\000\050\000S\000S\000L\000s\000\051}{section.3.2}% 19
\BOOKMARK [2][]{subsection.3.2.2}{\376\377\0003\000.\0002\000.\0002\000\040\000P\000r\000o\000d\000u\000c\000t\000i\000o\000n\000\040\000l\000i\000n\000e\000\040\000c\000h\000a\000r\000a\000c\000t\000e\000r\000i\000s\000t\000i\000c\000s\000\040\000a\000s\000s\000u\000m\000p\000t\000i\000o\000n\000s}{section.3.2}% 20
\BOOKMARK [1][]{section.3.3}{\376\377\0003\000.\0003\000\040\000C\000o\000n\000s\000i\000d\000e\000r\000e\000d\000\040\000s\000e\000n\000s\000o\000r\000\040\000p\000o\000s\000i\000t\000i\000o\000n\000s}{chapter.3}% 21
\BOOKMARK [1][]{section.3.4}{\376\377\0003\000.\0004\000\040\000C\000o\000n\000s\000i\000d\000e\000r\000e\000d\000\040\000p\000r\000o\000c\000e\000s\000s\000\040\000v\000a\000r\000i\000a\000t\000i\000o\000n\000s}{chapter.3}% 22
\BOOKMARK [2][]{subsection.3.4.1}{\376\377\0003\000.\0004\000.\0001\000\040\000V\000a\000r\000i\000a\000t\000i\000o\000n\000\040\000c\000l\000a\000s\000s\000i\000f\000i\000c\000a\000t\000i\000o\000n\000s}{section.3.4}% 23
\BOOKMARK [2][]{subsection.3.4.2}{\376\377\0003\000.\0004\000.\0002\000\040\000C\000o\000n\000s\000i\000d\000e\000r\000e\000d\000\040\000v\000a\000r\000i\000a\000t\000i\000o\000n\000s}{section.3.4}% 24
\BOOKMARK [0][]{chapter.4}{\376\377\0004\000\040\000I\000n\000d\000i\000c\000a\000t\000o\000r\000\040\000e\000x\000t\000r\000a\000c\000t\000i\000o\000n\000s\000\040\000f\000r\000o\000m\000\040\000e\000v\000e\000n\000t\000\040\000l\000o\000g\000s}{}% 25
\BOOKMARK [1][]{section.4.1}{\376\377\0004\000.\0001\000\040\000A\000s\000s\000u\000m\000p\000t\000i\000o\000n\000s\000\040\000o\000n\000\040\000e\000v\000e\000n\000t\000\040\000l\000o\000g\000s\000\040\000g\000e\000n\000e\000r\000a\000t\000e\000d\000\040\000b\000y\000\040\000p\000r\000o\000d\000u\000c\000t\000i\000o\000n\000\040\000l\000i\000n\000e\000s}{chapter.4}% 26
\BOOKMARK [1][]{section.4.2}{\376\377\0004\000.\0002\000\040\000F\000r\000o\000m\000\040\000e\000v\000e\000n\000t\000\040\000l\000o\000g\000s\000\040\000t\000o\000\040\000c\000a\000s\000e\000\040\000l\000i\000s\000t\000s}{chapter.4}% 27
\BOOKMARK [1][]{section.4.3}{\376\377\0004\000.\0003\000\040\000I\000n\000d\000i\000c\000a\000t\000o\000r\000\040\000c\000o\000m\000p\000u\000t\000a\000t\000i\000o\000n\000s}{chapter.4}% 28
\BOOKMARK [2][]{subsection.4.3.1}{\376\377\0004\000.\0003\000.\0001\000\040\000B\000a\000s\000i\000c\000\040\000K\000P\000I\000s}{section.4.3}% 29
\BOOKMARK [2][]{subsection.4.3.2}{\376\377\0004\000.\0003\000.\0002\000\040\000D\000e\000r\000i\000v\000e\000d\000\040\000K\000P\000I\000s}{section.4.3}% 30
\BOOKMARK [0][]{chapter.5}{\376\377\0005\000\040\000S\000i\000m\000u\000l\000a\000t\000e\000d\000\040\000s\000y\000s\000t\000e\000m\000s}{}% 31
\BOOKMARK [1][]{section.5.1}{\376\377\0005\000.\0001\000\040\000S\000i\000m\000u\000l\000a\000t\000e\000d\000\040\000l\000i\000n\000e}{chapter.5}% 32
\BOOKMARK [2][]{subsection.5.1.1}{\376\377\0005\000.\0001\000.\0001\000\040\000E\000x\000p\000e\000r\000i\000m\000e\000n\000t\000a\000l\000\040\000f\000a\000c\000t\000o\000r\000s\000\040\000a\000n\000d\000\040\000l\000e\000v\000e\000l\000s}{section.5.1}% 33
\BOOKMARK [0][]{chapter.6}{\376\377\0006\000\040\000R\000e\000s\000u\000l\000t\000s}{}% 34
\BOOKMARK [1][]{section.6.1}{\376\377\0006\000.\0001\000\040\000P\000r\000o\000c\000e\000s\000s\000i\000n\000g\000\040\000t\000i\000m\000e\000\040\000v\000a\000r\000i\000a\000t\000i\000o\000n}{chapter.6}% 35
\BOOKMARK [2][]{subsection.6.1.1}{\376\377\0006\000.\0001\000.\0001\000\040\000C\000o\000n\000s\000e\000c\000u\000t\000i\000v\000e\000\040\000c\000a\000s\000e\000s\000\040\000i\000n\000t\000e\000r\000v\000a\000l\000s\000\040\000K\000P\000I\000s}{section.6.1}% 36
\BOOKMARK [2][]{subsection.6.1.2}{\376\377\0006\000.\0001\000.\0002\000\040\000P\000r\000o\000c\000e\000s\000s\000i\000n\000g\000\137\000t\000i\000m\000e\000\040\000a\000n\000d\000\040\000U\000t\000i\000l\000i\000z\000a\000t\000i\000o\000n\000\040\000K\000P\000I\000s}{section.6.1}% 37
\BOOKMARK [2][]{subsection.6.1.3}{\376\377\0006\000.\0001\000.\0003\000\040\000B\000l\000o\000c\000k\000i\000n\000g\000\137\000t\000i\000m\000e\000,\000\040\000S\000t\000a\000r\000v\000i\000n\000g\000\137\000t\000i\000m\000e\000\040\000a\000n\000d\000\040\000r\000e\000s\000p\000e\000c\000t\000i\000v\000e\000\040\000S\000t\000a\000g\000e\000\040\000S\000t\000a\000t\000e\000\040\000K\000P\000I\000s}{section.6.1}% 38
\BOOKMARK [2][]{subsection.6.1.4}{\376\377\0006\000.\0001\000.\0004\000\040\000W\000a\000i\000t\000i\000n\000g\000\137\000t\000i\000m\000e\000\040\000a\000n\000d\000\040\000A\000v\000e\000r\000a\000g\000e\000\137\000Q\000u\000e\000u\000e\000\040\000K\000P\000I\000s}{section.6.1}% 39
\BOOKMARK [1][]{section.6.2}{\376\377\0006\000.\0002\000\040\000B\000u\000f\000f\000e\000r\000\040\000c\000a\000p\000a\000c\000i\000t\000y\000\040\000v\000a\000r\000i\000a\000t\000i\000o\000n}{chapter.6}% 40
\BOOKMARK [2][]{subsection.6.2.1}{\376\377\0006\000.\0002\000.\0001\000\040\000W\000a\000i\000t\000i\000n\000g\000\137\000t\000i\000m\000e\000\040\000K\000P\000I}{section.6.2}% 41
\BOOKMARK [2][]{subsection.6.2.2}{\376\377\0006\000.\0002\000.\0002\000\040\000B\000l\000o\000c\000k\000i\000n\000g\000\137\000t\000i\000m\000e\000\040\000a\000n\000d\000\040\000S\000t\000a\000r\000v\000i\000n\000g\000\137\000t\000i\000m\000e\000\040\000K\000P\000I\000s}{section.6.2}% 42
\BOOKMARK [0][]{chapter.7}{\376\377\0007\000\040\000A\000\040\000m\000a\000p\000\040\000o\000f\000\040\000v\000a\000r\000i\000a\000t\000i\000o\000n\000s}{}% 43
\BOOKMARK [1][]{section.7.1}{\376\377\0007\000.\0001\000\040\000V\000a\000r\000i\000a\000t\000i\000o\000n\000\040\000d\000e\000t\000e\000c\000t\000i\000o\000n}{chapter.7}% 44
\BOOKMARK [1][]{section.7.2}{\376\377\0007\000.\0002\000\040\000V\000a\000r\000i\000a\000t\000i\000o\000n\000\040\000i\000d\000e\000n\000t\000i\000f\000i\000c\000a\000t\000i\000o\000n}{chapter.7}% 45
\BOOKMARK [2][]{subsection.7.2.1}{\376\377\0007\000.\0002\000.\0001\000\040\000P\000r\000o\000c\000e\000s\000s\000i\000n\000g\000\040\000t\000i\000m\000e\000\040\000v\000a\000r\000i\000a\000t\000i\000o\000n}{section.7.2}% 46
\BOOKMARK [2][]{subsection.7.2.2}{\376\377\0007\000.\0002\000.\0002\000\040\000B\000u\000f\000f\000e\000r\000\040\000c\000a\000p\000a\000c\000i\000t\000y\000\040\000v\000a\000r\000i\000a\000t\000i\000o\000n}{section.7.2}% 47
\BOOKMARK [0][]{chapter.8}{\376\377\0008\000\040\000C\000o\000n\000c\000l\000u\000s\000i\000o\000n\000s}{}% 48
\BOOKMARK [1][]{section.8.1}{\376\377\0008\000.\0001\000\040\000S\000u\000m\000m\000a\000r\000y}{chapter.8}% 49
\BOOKMARK [1][]{section.8.2}{\376\377\0008\000.\0002\000\040\000F\000u\000t\000u\000r\000e\000\040\000d\000e\000v\000e\000l\000o\000p\000m\000e\000n\000t\000s}{chapter.8}% 50
\BOOKMARK [0][]{chapter*.157}{\376\377\000R\000e\000f\000e\000r\000e\000n\000c\000e\000s}{}% 51
